2021-08-13 15:06:15,655 INFO org.springframework.boot.StartupInfoLogger [restartedMain] Starting EmployeePayrollApplication using Java 11.0.11 on DESKTOP-N66BMGP with PID 5768 (C:\Users\User\Desktop\BridgeLabz\CFP\BridgeLabz_CFP_EmployeePayrollApp\employeepayroll\target\classes started by User in C:\Users\User\Desktop\BridgeLabz\CFP\BridgeLabz_CFP_EmployeePayrollApp\employeepayroll)
2021-08-13 15:06:15,686 DEBUG org.springframework.boot.StartupInfoLogger [restartedMain] Running with Spring Boot v2.5.3, Spring v5.3.9
2021-08-13 15:06:15,686 INFO org.springframework.boot.SpringApplication [restartedMain] The following profiles are active: dev
2021-08-13 15:06:39,142 WARN org.springframework.boot.autoconfigure.orm.jpa.JpaBaseConfiguration$JpaWebConfiguration [restartedMain] spring.jpa.open-in-view is enabled by default. Therefore, database queries may be performed during view rendering. Explicitly configure spring.jpa.open-in-view to disable this warning
2021-08-13 15:06:40,030 INFO org.springframework.boot.StartupInfoLogger [restartedMain] Started EmployeePayrollApplication in 28.358 seconds (JVM running for 38.52)
2021-08-13 15:06:40,035 INFO com.bridgelabz.employeepayroll.EmployeePayrollApplication [restartedMain] Employee Payroll Application Started in DEV Environment
2021-08-13 15:06:40,037 INFO com.bridgelabz.employeepayroll.EmployeePayrollApplication [restartedMain] Inside Main Method.
2021-08-13 15:08:14,947 INFO com.bridgelabz.employeepayroll.controller.EmployeeController [http-nio-8080-exec-1] Inside getEmployeeDetails()
2021-08-13 15:08:15,021 INFO com.bridgelabz.employeepayroll.service.EmployeeService [http-nio-8080-exec-1] Inside getEmployee()
2021-08-13 15:08:29,709 ERROR org.hibernate.engine.jdbc.spi.SqlExceptionHelper [http-nio-8080-exec-1] Cannot convert string '12 Aug 2021' to java.sql.Date value
2021-08-13 15:08:30,787 ERROR org.apache.juli.logging.DirectJDKLog [http-nio-8080-exec-1] Servlet.service() for servlet [dispatcherServlet] in context with path [] threw exception [Request processing failed; nested exception is org.springframework.dao.DataIntegrityViolationException: could not execute query; SQL [select employee0_.emp_id as emp_id1_0_, employee0_.emp_gender as emp_gend2_0_, employee0_.emp_name as emp_name3_0_, employee0_.emp_salary as emp_sala4_0_, employee0_.note as note5_0_, employee0_.profile_pic as profile_6_0_, employee0_.start_date as start_da7_0_ from employee employee0_]; nested exception is org.hibernate.exception.DataException: could not execute query] with root cause
com.mysql.cj.exceptions.DataConversionException: Cannot convert string '12 Aug 2021' to java.sql.Date value
	at com.mysql.cj.result.AbstractDateTimeValueFactory.createFromBytes(AbstractDateTimeValueFactory.java:139)
	at com.mysql.cj.protocol.a.MysqlTextValueDecoder.decodeByteArray(MysqlTextValueDecoder.java:143)
	at com.mysql.cj.protocol.result.AbstractResultsetRow.decodeAndCreateReturnValue(AbstractResultsetRow.java:135)
	at com.mysql.cj.protocol.result.AbstractResultsetRow.getValueFromBytes(AbstractResultsetRow.java:243)
	at com.mysql.cj.protocol.a.result.ByteArrayRow.getValue(ByteArrayRow.java:91)
	at com.mysql.cj.jdbc.result.ResultSetImpl.getDate(ResultSetImpl.java:776)
	at com.mysql.cj.jdbc.result.ResultSetImpl.getDate(ResultSetImpl.java:790)
	at com.zaxxer.hikari.pool.HikariProxyResultSet.getDate(HikariProxyResultSet.java)
	at org.hibernate.type.descriptor.sql.DateTypeDescriptor$2.doExtract(DateTypeDescriptor.java:76)
	at org.hibernate.type.descriptor.sql.BasicExtractor.extract(BasicExtractor.java:47)
	at org.hibernate.type.AbstractStandardBasicType.nullSafeGet(AbstractStandardBasicType.java:257)
	at org.hibernate.type.AbstractStandardBasicType.nullSafeGet(AbstractStandardBasicType.java:253)
	at org.hibernate.type.AbstractStandardBasicType.nullSafeGet(AbstractStandardBasicType.java:243)
	at org.hibernate.type.AbstractStandardBasicType.hydrate(AbstractStandardBasicType.java:329)
	at org.hibernate.persister.entity.AbstractEntityPersister.hydrate(AbstractEntityPersister.java:3131)
	at org.hibernate.loader.Loader.loadFromResultSet(Loader.java:1863)
	at org.hibernate.loader.Loader.hydrateEntityState(Loader.java:1791)
	at org.hibernate.loader.Loader.instanceNotYetLoaded(Loader.java:1764)
	at org.hibernate.loader.Loader.getRow(Loader.java:1616)
	at org.hibernate.loader.Loader.getRowFromResultSet(Loader.java:740)
	at org.hibernate.loader.Loader.getRowsFromResultSet(Loader.java:1039)
	at org.hibernate.loader.Loader.processResultSet(Loader.java:990)
	at org.hibernate.loader.Loader.doQuery(Loader.java:959)
	at org.hibernate.loader.Loader.doQueryAndInitializeNonLazyCollections(Loader.java:349)
	at org.hibernate.loader.Loader.doList(Loader.java:2843)
	at org.hibernate.loader.Loader.doList(Loader.java:2825)
	at org.hibernate.loader.Loader.listIgnoreQueryCache(Loader.java:2657)
	at org.hibernate.loader.Loader.list(Loader.java:2652)
	at org.hibernate.loader.hql.QueryLoader.list(QueryLoader.java:506)
	at org.hibernate.hql.internal.ast.QueryTranslatorImpl.list(QueryTranslatorImpl.java:400)
	at org.hibernate.engine.query.spi.HQLQueryPlan.performList(HQLQueryPlan.java:219)
	at org.hibernate.internal.SessionImpl.list(SessionImpl.java:1414)
	at org.hibernate.query.internal.AbstractProducedQuery.doList(AbstractProducedQuery.java:1636)
	at org.hibernate.query.internal.AbstractProducedQuery.list(AbstractProducedQuery.java:1604)
	at org.hibernate.query.Query.getResultList(Query.java:165)
	at org.hibernate.query.criteria.internal.compile.CriteriaQueryTypeQueryAdapter.getResultList(CriteriaQueryTypeQueryAdapter.java:76)
	at org.springframework.data.jpa.repository.support.SimpleJpaRepository.findAll(SimpleJpaRepository.java:396)
	at java.base/jdk.internal.reflect.NativeMethodAccessorImpl.invoke0(Native Method)
	at java.base/jdk.internal.reflect.NativeMethodAccessorImpl.invoke(NativeMethodAccessorImpl.java:62)
	at java.base/jdk.internal.reflect.DelegatingMethodAccessorImpl.invoke(DelegatingMethodAccessorImpl.java:43)
	at java.base/java.lang.reflect.Method.invoke(Method.java:566)
	at org.springframework.data.repository.core.support.RepositoryMethodInvoker$RepositoryFragmentMethodInvoker.lambda$new$0(RepositoryMethodInvoker.java:289)
	at org.springframework.data.repository.core.support.RepositoryMethodInvoker.doInvoke(RepositoryMethodInvoker.java:137)
	at org.springframework.data.repository.core.support.RepositoryMethodInvoker.invoke(RepositoryMethodInvoker.java:121)
	at org.springframework.data.repository.core.support.RepositoryComposition$RepositoryFragments.invoke(RepositoryComposition.java:529)
	at org.springframework.data.repository.core.support.RepositoryComposition.invoke(RepositoryComposition.java:285)
	at org.springframework.data.repository.core.support.RepositoryFactorySupport$ImplementationMethodExecutionInterceptor.invoke(RepositoryFactorySupport.java:599)
	at org.springframework.aop.framework.ReflectiveMethodInvocation.proceed(ReflectiveMethodInvocation.java:186)
	at org.springframework.data.repository.core.support.QueryExecutorMethodInterceptor.doInvoke(QueryExecutorMethodInterceptor.java:163)
	at org.springframework.data.repository.core.support.QueryExecutorMethodInterceptor.invoke(QueryExecutorMethodInterceptor.java:138)
	at org.springframework.aop.framework.ReflectiveMethodInvocation.proceed(ReflectiveMethodInvocation.java:186)
	at org.springframework.data.projection.DefaultMethodInvokingMethodInterceptor.invoke(DefaultMethodInvokingMethodInterceptor.java:80)
	at org.springframework.aop.framework.ReflectiveMethodInvocation.proceed(ReflectiveMethodInvocation.java:186)
	at org.springframework.transaction.interceptor.TransactionInterceptor$1.proceedWithInvocation(TransactionInterceptor.java:123)
	at org.springframework.transaction.interceptor.TransactionAspectSupport.invokeWithinTransaction(TransactionAspectSupport.java:388)
	at org.springframework.transaction.interceptor.TransactionInterceptor.invoke(TransactionInterceptor.java:119)
	at org.springframework.aop.framework.ReflectiveMethodInvocation.proceed(ReflectiveMethodInvocation.java:186)
	at org.springframework.dao.support.PersistenceExceptionTranslationInterceptor.invoke(PersistenceExceptionTranslationInterceptor.java:137)
	at org.springframework.aop.framework.ReflectiveMethodInvocation.proceed(ReflectiveMethodInvocation.java:186)
	at org.springframework.data.jpa.repository.support.CrudMethodMetadataPostProcessor$CrudMethodMetadataPopulatingMethodInterceptor.invoke(CrudMethodMetadataPostProcessor.java:174)
	at org.springframework.aop.framework.ReflectiveMethodInvocation.proceed(ReflectiveMethodInvocation.java:186)
	at org.springframework.aop.interceptor.ExposeInvocationInterceptor.invoke(ExposeInvocationInterceptor.java:97)
	at org.springframework.aop.framework.ReflectiveMethodInvocation.proceed(ReflectiveMethodInvocation.java:186)
	at org.springframework.aop.framework.JdkDynamicAopProxy.invoke(JdkDynamicAopProxy.java:215)
	at com.sun.proxy.$Proxy97.findAll(Unknown Source)
	at com.bridgelabz.employeepayroll.service.EmployeeService.getEmployee(EmployeeService.java:49)
	at com.bridgelabz.employeepayroll.controller.EmployeeController.getEmployeeDetails(EmployeeController.java:46)
	at java.base/jdk.internal.reflect.NativeMethodAccessorImpl.invoke0(Native Method)
	at java.base/jdk.internal.reflect.NativeMethodAccessorImpl.invoke(NativeMethodAccessorImpl.java:62)
	at java.base/jdk.internal.reflect.DelegatingMethodAccessorImpl.invoke(DelegatingMethodAccessorImpl.java:43)
	at java.base/java.lang.reflect.Method.invoke(Method.java:566)
	at org.springframework.web.method.support.InvocableHandlerMethod.doInvoke(InvocableHandlerMethod.java:197)
	at org.springframework.web.method.support.InvocableHandlerMethod.invokeForRequest(InvocableHandlerMethod.java:141)
	at org.springframework.web.servlet.mvc.method.annotation.ServletInvocableHandlerMethod.invokeAndHandle(ServletInvocableHandlerMethod.java:106)
	at org.springframework.web.servlet.mvc.method.annotation.RequestMappingHandlerAdapter.invokeHandlerMethod(RequestMappingHandlerAdapter.java:895)
	at org.springframework.web.servlet.mvc.method.annotation.RequestMappingHandlerAdapter.handleInternal(RequestMappingHandlerAdapter.java:808)
	at org.springframework.web.servlet.mvc.method.AbstractHandlerMethodAdapter.handle(AbstractHandlerMethodAdapter.java:87)
	at org.springframework.web.servlet.DispatcherServlet.doDispatch(DispatcherServlet.java:1064)
	at org.springframework.web.servlet.DispatcherServlet.doService(DispatcherServlet.java:963)
	at org.springframework.web.servlet.FrameworkServlet.processRequest(FrameworkServlet.java:1006)
	at org.springframework.web.servlet.FrameworkServlet.doGet(FrameworkServlet.java:898)
	at javax.servlet.http.HttpServlet.service(HttpServlet.java:655)
	at org.springframework.web.servlet.FrameworkServlet.service(FrameworkServlet.java:883)
	at javax.servlet.http.HttpServlet.service(HttpServlet.java:764)
	at org.apache.catalina.core.ApplicationFilterChain.internalDoFilter(ApplicationFilterChain.java:228)
	at org.apache.catalina.core.ApplicationFilterChain.doFilter(ApplicationFilterChain.java:163)
	at org.apache.tomcat.websocket.server.WsFilter.doFilter(WsFilter.java:53)
	at org.apache.catalina.core.ApplicationFilterChain.internalDoFilter(ApplicationFilterChain.java:190)
	at org.apache.catalina.core.ApplicationFilterChain.doFilter(ApplicationFilterChain.java:163)
	at org.springframework.web.filter.RequestContextFilter.doFilterInternal(RequestContextFilter.java:100)
	at org.springframework.web.filter.OncePerRequestFilter.doFilter(OncePerRequestFilter.java:119)
	at org.apache.catalina.core.ApplicationFilterChain.internalDoFilter(ApplicationFilterChain.java:190)
	at org.apache.catalina.core.ApplicationFilterChain.doFilter(ApplicationFilterChain.java:163)
	at org.springframework.web.filter.FormContentFilter.doFilterInternal(FormContentFilter.java:93)
	at org.springframework.web.filter.OncePerRequestFilter.doFilter(OncePerRequestFilter.java:119)
	at org.apache.catalina.core.ApplicationFilterChain.internalDoFilter(ApplicationFilterChain.java:190)
	at org.apache.catalina.core.ApplicationFilterChain.doFilter(ApplicationFilterChain.java:163)
	at org.springframework.web.filter.CharacterEncodingFilter.doFilterInternal(CharacterEncodingFilter.java:201)
	at org.springframework.web.filter.OncePerRequestFilter.doFilter(OncePerRequestFilter.java:119)
	at org.apache.catalina.core.ApplicationFilterChain.internalDoFilter(ApplicationFilterChain.java:190)
	at org.apache.catalina.core.ApplicationFilterChain.doFilter(ApplicationFilterChain.java:163)
	at org.apache.catalina.core.StandardWrapperValve.invoke(StandardWrapperValve.java:202)
	at org.apache.catalina.core.StandardContextValve.invoke(StandardContextValve.java:97)
	at org.apache.catalina.authenticator.AuthenticatorBase.invoke(AuthenticatorBase.java:542)
	at org.apache.catalina.core.StandardHostValve.invoke(StandardHostValve.java:143)
	at org.apache.catalina.valves.ErrorReportValve.invoke(ErrorReportValve.java:92)
	at org.apache.catalina.core.StandardEngineValve.invoke(StandardEngineValve.java:78)
	at org.apache.catalina.connector.CoyoteAdapter.service(CoyoteAdapter.java:357)
	at org.apache.coyote.http11.Http11Processor.service(Http11Processor.java:382)
	at org.apache.coyote.AbstractProcessorLight.process(AbstractProcessorLight.java:65)
	at org.apache.coyote.AbstractProtocol$ConnectionHandler.process(AbstractProtocol.java:893)
	at org.apache.tomcat.util.net.NioEndpoint$SocketProcessor.doRun(NioEndpoint.java:1723)
	at org.apache.tomcat.util.net.SocketProcessorBase.run(SocketProcessorBase.java:49)
	at java.base/java.util.concurrent.ThreadPoolExecutor.runWorker(ThreadPoolExecutor.java:1128)
	at java.base/java.util.concurrent.ThreadPoolExecutor$Worker.run(ThreadPoolExecutor.java:628)
	at org.apache.tomcat.util.threads.TaskThread$WrappingRunnable.run(TaskThread.java:61)
	at java.base/java.lang.Thread.run(Thread.java:834)
2021-08-13 15:15:02,069 INFO org.springframework.boot.StartupInfoLogger [restartedMain] Starting EmployeePayrollApplication using Java 11.0.11 on DESKTOP-N66BMGP with PID 540 (C:\Users\User\Desktop\BridgeLabz\CFP\BridgeLabz_CFP_EmployeePayrollApp\employeepayroll\target\classes started by User in C:\Users\User\Desktop\BridgeLabz\CFP\BridgeLabz_CFP_EmployeePayrollApp\employeepayroll)
2021-08-13 15:15:02,085 DEBUG org.springframework.boot.StartupInfoLogger [restartedMain] Running with Spring Boot v2.5.3, Spring v5.3.9
2021-08-13 15:15:02,093 INFO org.springframework.boot.SpringApplication [restartedMain] The following profiles are active: dev
2021-08-13 15:17:23,119 WARN org.springframework.boot.autoconfigure.orm.jpa.JpaBaseConfiguration$JpaWebConfiguration [restartedMain] spring.jpa.open-in-view is enabled by default. Therefore, database queries may be performed during view rendering. Explicitly configure spring.jpa.open-in-view to disable this warning
2021-08-13 15:17:27,913 INFO org.springframework.boot.StartupInfoLogger [restartedMain] Started EmployeePayrollApplication in 153.052 seconds (JVM running for 180.103)
2021-08-13 15:17:27,929 INFO com.bridgelabz.employeepayroll.EmployeePayrollApplication [restartedMain] Employee Payroll Application Started in DEV Environment
2021-08-13 15:17:27,944 INFO com.bridgelabz.employeepayroll.EmployeePayrollApplication [restartedMain] Inside Main Method.
2021-08-13 15:20:09,637 INFO com.bridgelabz.employeepayroll.controller.EmployeeController [http-nio-8080-exec-1] Inside getEmployeeDetails()
2021-08-13 15:20:09,637 INFO com.bridgelabz.employeepayroll.service.EmployeeService [http-nio-8080-exec-1] Inside getEmployee()
2021-08-13 15:22:27,842 INFO org.springframework.boot.StartupInfoLogger [restartedMain] Starting EmployeePayrollApplication using Java 11.0.11 on DESKTOP-N66BMGP with PID 10384 (C:\Users\User\Desktop\BridgeLabz\CFP\BridgeLabz_CFP_EmployeePayrollApp\employeepayroll\target\classes started by User in C:\Users\User\Desktop\BridgeLabz\CFP\BridgeLabz_CFP_EmployeePayrollApp\employeepayroll)
2021-08-13 15:22:27,858 DEBUG org.springframework.boot.StartupInfoLogger [restartedMain] Running with Spring Boot v2.5.3, Spring v5.3.9
2021-08-13 15:22:27,858 INFO org.springframework.boot.SpringApplication [restartedMain] The following profiles are active: dev
2021-08-13 15:22:49,030 WARN org.springframework.boot.autoconfigure.orm.jpa.JpaBaseConfiguration$JpaWebConfiguration [restartedMain] spring.jpa.open-in-view is enabled by default. Therefore, database queries may be performed during view rendering. Explicitly configure spring.jpa.open-in-view to disable this warning
2021-08-13 15:22:50,064 INFO org.springframework.boot.StartupInfoLogger [restartedMain] Started EmployeePayrollApplication in 25.343 seconds (JVM running for 38.355)
2021-08-13 15:22:50,080 INFO com.bridgelabz.employeepayroll.EmployeePayrollApplication [restartedMain] Employee Payroll Application Started in DEV Environment
2021-08-13 15:22:50,127 INFO com.bridgelabz.employeepayroll.EmployeePayrollApplication [restartedMain] Inside Main Method.
2021-08-13 15:23:09,466 INFO com.bridgelabz.employeepayroll.controller.EmployeeController [http-nio-8080-exec-1] Inside getEmployeeDetails()
2021-08-13 15:23:09,474 INFO com.bridgelabz.employeepayroll.service.EmployeeService [http-nio-8080-exec-1] Inside getEmployee()
2021-08-13 15:23:25,319 INFO com.bridgelabz.employeepayroll.controller.EmployeeController [http-nio-8080-exec-3] Inside addEmployeeDetails()
2021-08-13 15:23:25,319 INFO com.bridgelabz.employeepayroll.service.EmployeeService [http-nio-8080-exec-3] Inside addEmployee()
2021-08-13 15:23:39,314 INFO com.bridgelabz.employeepayroll.controller.EmployeeController [http-nio-8080-exec-4] Inside getEmployeeDetails()
2021-08-13 15:23:39,314 INFO com.bridgelabz.employeepayroll.service.EmployeeService [http-nio-8080-exec-4] Inside getEmployee()
